-------------------------------------------------------------------------------
Test set: com.bionic.jbehave.DefinitionSteps
-------------------------------------------------------------------------------
Tests run: 6, Failures: 2, Errors: 0, Skipped: 4, Time elapsed: 0.266 sec <<< FAILURE!
Scenario: Looking up the definition of \'apple\'  Time elapsed: 0.002 sec  <<< FAILURE!
java.lang.AssertionError: scenario failed!
	at de.codecentric.jbehave.junit.monitoring.JUnitScenarioReporter.afterScenario(JUnitScenarioReporter.java:218)
	at org.jbehave.core.reporters.DelegatingStoryReporter.afterScenario(DelegatingStoryReporter.java:43)
	at org.jbehave.core.reporters.ConcurrentStoryReporter.afterScenario(ConcurrentStoryReporter.java:175)
	at org.jbehave.core.embedder.StoryRunner.runCancellable(StoryRunner.java:347)
	at org.jbehave.core.embedder.StoryRunner.run(StoryRunner.java:239)
	at org.jbehave.core.embedder.StoryRunner.run(StoryRunner.java:182)
	at org.jbehave.core.embedder.StoryManager$EnqueuedStory.call(StoryManager.java:266)
	at org.jbehave.core.embedder.StoryManager$EnqueuedStory.call(StoryManager.java:233)
	at java.util.concurrent.FutureTask.run(FutureTask.java:266)
	at java.util.concurrent.ThreadPoolExecutor.runWorker(ThreadPoolExecutor.java:1142)
	at java.util.concurrent.ThreadPoolExecutor$Worker.run(ThreadPoolExecutor.java:617)
	at java.lang.Thread.run(Thread.java:745)
LookupADefinition.story  Time elapsed: 0.001 sec  <<< FAILURE!
java.lang.AssertionError: story failed!
	at de.codecentric.jbehave.junit.monitoring.JUnitScenarioReporter.afterStory(JUnitScenarioReporter.java:143)
	at org.jbehave.core.reporters.DelegatingStoryReporter.afterStory(DelegatingStoryReporter.java:49)
	at org.jbehave.core.reporters.ConcurrentStoryReporter.afterStory(ConcurrentStoryReporter.java:121)
	at org.jbehave.core.embedder.StoryRunner.runCancellable(StoryRunner.java:355)
	at org.jbehave.core.embedder.StoryRunner.run(StoryRunner.java:239)
	at org.jbehave.core.embedder.StoryRunner.run(StoryRunner.java:182)
	at org.jbehave.core.embedder.StoryManager$EnqueuedStory.call(StoryManager.java:266)
	at org.jbehave.core.embedder.StoryManager$EnqueuedStory.call(StoryManager.java:233)
	at java.util.concurrent.FutureTask.run(FutureTask.java:266)
	at java.util.concurrent.ThreadPoolExecutor.runWorker(ThreadPoolExecutor.java:1142)
	at java.util.concurrent.ThreadPoolExecutor$Worker.run(ThreadPoolExecutor.java:617)
	at java.lang.Thread.run(Thread.java:745)
