<?xml version="1.0" encoding="UTF-8" ?>
<testsuite tests="6" failures="2" name="com.bionic.jbehave.DefinitionSteps" time="0.003" errors="0" skipped="4">
  <properties>
[...]
</properties>
  <testcase classname="Scenario: Looking up the definition of \&apos;apple\&apos;" name="Scenario: Looking up the definition of \&apos;apple\&apos;" time="0.002">
    <failure message="scenario failed!" type="java.lang.AssertionError">java.lang.AssertionError: scenario failed!
	at de.codecentric.jbehave.junit.monitoring.JUnitScenarioReporter.afterScenario(JUnitScenarioReporter.java:218)
	at org.jbehave.core.reporters.DelegatingStoryReporter.afterScenario(DelegatingStoryReporter.java:43)
	at org.jbehave.core.reporters.ConcurrentStoryReporter.afterScenario(ConcurrentStoryReporter.java:175)
	at org.jbehave.core.embedder.StoryRunner.runCancellable(StoryRunner.java:347)
	at org.jbehave.core.embedder.StoryRunner.run(StoryRunner.java:239)
	at org.jbehave.core.embedder.StoryRunner.run(StoryRunner.java:182)
	at org.jbehave.core.embedder.StoryManager$EnqueuedStory.call(StoryManager.java:266)
	at org.jbehave.core.embedder.StoryManager$EnqueuedStory.call(StoryManager.java:233)
	at java.util.concurrent.FutureTask.run(FutureTask.java:266)
	at java.util.concurrent.ThreadPoolExecutor.runWorker(ThreadPoolExecutor.java:1142)
	at java.util.concurrent.ThreadPoolExecutor$Worker.run(ThreadPoolExecutor.java:617)
	at java.lang.Thread.run(Thread.java:745)
</failure>
    <system-out>Given the user is on the Wikionary home page (FAILED)
(net.thucydides.core.webdriver.UnsupportedDriverException: Could not instantiate class org.openqa.selenium.firefox.FirefoxDriver)
When the user looks up the definition of the word &apos;apple&apos; (NOT PERFORMED)
Then they should see the definition &apos;A common, round fruit produced by the tree Malus domestica, cultivated in temperate climates.&apos; (NOT PERFORMED)

net.thucydides.core.webdriver.UnsupportedDriverException: Could not instantiate class org.openqa.selenium.firefox.FirefoxDriver
	at net.thucydides.core.webdriver.WebDriverFacade.newDriverInstance(WebDriverFacade.java:141)
	at net.thucydides.core.webdriver.WebDriverFacade.newProxyDriver(WebDriverFacade.java:128)
	at net.thucydides.core.webdriver.WebDriverFacade.getProxiedDriver(WebDriverFacade.java:100)
	at net.thucydides.core.webdriver.WebDriverFacade.openIgnoringHtmlUnitScriptErrors(WebDriverFacade.java:173)
	at net.thucydides.core.webdriver.WebDriverFacade.get(WebDriverFacade.java:168)
	at net.serenitybdd.core.pages.PageObject.openPageAtUrl(PageObject.java:821)
	at net.serenitybdd.core.pages.PageObject.open(PageObject.java:731)
	at net.serenitybdd.core.pages.PageObject.open(PageObject.java:719)
	at com.bionic.steps.EndUserSteps.is_the_home_page(EndUserSteps.java:34)
	at com.bionic.steps.EndUserSteps$$EnhancerByCGLIB$$2cd5def4.CGLIB$is_the_home_page$2(&lt;generated&gt;)
	at com.bionic.steps.EndUserSteps$$EnhancerByCGLIB$$2cd5def4$$FastClassByCGLIB$$da530cee.invoke(&lt;generated&gt;)
	at net.sf.cglib.proxy.MethodProxy.invokeSuper(MethodProxy.java:228)
	at net.thucydides.core.steps.StepInterceptor.invokeMethod(StepInterceptor.java:310)
	at net.thucydides.core.steps.StepInterceptor.executeTestStepMethod(StepInterceptor.java:295)
	at net.thucydides.core.steps.StepInterceptor.runTestStep(StepInterceptor.java:272)
	at net.thucydides.core.steps.StepInterceptor.testStepResult(StepInterceptor.java:130)
	at net.thucydides.core.steps.StepInterceptor.intercept(StepInterceptor.java:56)
	at com.bionic.steps.EndUserSteps$$EnhancerByCGLIB$$2cd5def4.is_the_home_page(&lt;generated&gt;)
	at com.bionic.jbehave.DefinitionSteps.givenTheUserIsOnTheWikionaryHomePage(DefinitionSteps.java:17)
	(reflection-invoke)
	at org.jbehave.core.steps.StepCreator$ParametrisedStep.perform(StepCreator.java:595)
	at org.jbehave.core.embedder.StoryRunner$FineSoFar.run(StoryRunner.java:566)
...
Scenario: Looking up the definition of &apos;pear&apos;
</system-out>
    <system-err>[pool-2-thread-1] INFO net.thucydides.core.steps.StepInterceptor - STARTING STEP: DefinitionSteps.givenTheUserIsOnTheWikionaryHomePage - is_the_home_page
[pool-2-thread-1] ERROR net.thucydides.core.webdriver.WebDriverFacade - FAILED TO CREATE NEW WEBDRIVER_DRIVER INSTANCE class org.openqa.selenium.firefox.FirefoxDriver: Could not instantiate class org.openqa.selenium.firefox.FirefoxDriver
net.thucydides.core.webdriver.UnsupportedDriverException: Could not instantiate class org.openqa.selenium.firefox.FirefoxDriver	at net.thucydides.core.webdriver.WebDriverFactory.newWebdriverInstance(WebDriverFactory.java:199)	at net.thucydides.core.webdriver.WebDriverFacade.newDriverInstance(WebDriverFacade.java:137)	at net.thucydides.core.webdriver.WebDriverFacade.newProxyDriver(WebDriverFacade.java:128)	at net.thucydides.core.webdriver.WebDriverFacade.getProxiedDriver(WebDriverFacade.java:100)	at net.thucydides.core.webdriver.WebDriverFacade.openIgnoringHtmlUnitScriptErrors(WebDriverFacade.java:173)	at net.thucydides.core.webdriver.WebDriverFacade.get(WebDriverFacade.java:168)	at net.serenitybdd.core.pages.PageObject.openPageAtUrl(PageObject.java:821)	at net.serenitybdd.core.pages.PageObject.open(PageObject.java:731)	at net.serenitybdd.core.pages.PageObject.open(PageObject.java:719)	at com.bionic.steps.EndUserSteps.is_the_home_page(EndUserSteps.java:34)	at com.bionic.steps.EndUserSteps$$EnhancerByCGLIB$$2cd5def4.CGLIB$is_the_home_page$2(&lt;generated&gt;)	at com.bionic.steps.EndUserSteps$$EnhancerByCGLIB$$2cd5def4$$FastClassByCGLIB$$da530cee.invoke(&lt;generated&gt;)	at net.sf.cglib.proxy.MethodProxy.invokeSuper(MethodProxy.java:228)	at net.thucydides.core.steps.StepInterceptor.invokeMethod(StepInterceptor.java:310)	at net.thucydides.core.steps.StepInterceptor.executeTestStepMethod(StepInterceptor.java:295)	at net.thucydides.core.steps.StepInterceptor.runTestStep(StepInterceptor.java:272)	at net.thucydides.core.steps.StepInterceptor.testStepResult(StepInterceptor.java:130)	at net.thucydides.core.steps.StepInterceptor.intercept(StepInterceptor.java:56)	at com.bionic.steps.EndUserSteps$$EnhancerByCGLIB$$2cd5def4.is_the_home_page(&lt;generated&gt;)	at com.bionic.jbehave.DefinitionSteps.givenTheUserIsOnTheWikionaryHomePage(DefinitionSteps.java:17)	at sun.reflect.NativeMethodAccessorImpl.invoke0(Native Method)	at sun.reflect.NativeMethodAccessorImpl.invoke(NativeMethodAccessorImpl.java:62)	at sun.reflect.DelegatingMethodAccessorImpl.invoke(DelegatingMethodAccessorImpl.java:43)	at java.lang.reflect.Method.invoke(Method.java:497)	at org.jbehave.core.steps.StepCreator$ParametrisedStep.perform(StepCreator.java:595)	at org.jbehave.core.embedder.StoryRunner$FineSoFar.run(StoryRunner.java:566)	at org.jbehave.core.embedder.StoryRunner.runStepsWhileKeepingState(StoryRunner.java:546)	at org.jbehave.core.embedder.StoryRunner.runScenarioSteps(StoryRunner.java:510)	at org.jbehave.core.embedder.StoryRunner.runStepsWithLifecycle(StoryRunner.java:476)	at org.jbehave.core.embedder.StoryRunner.runCancellable(StoryRunner.java:336)	at org.jbehave.core.embedder.StoryRunner.run(StoryRunner.java:239)	at org.jbehave.core.embedder.StoryRunner.run(StoryRunner.java:182)	at org.jbehave.core.embedder.StoryManager$EnqueuedStory.call(StoryManager.java:266)	at org.jbehave.core.embedder.StoryManager$EnqueuedStory.call(StoryManager.java:233)	at java.util.concurrent.FutureTask.run(FutureTask.java:266)	at java.util.concurrent.ThreadPoolExecutor.runWorker(ThreadPoolExecutor.java:1142)	at java.util.concurrent.ThreadPoolExecutor$Worker.run(ThreadPoolExecutor.java:617)	at java.lang.Thread.run(Thread.java:745)Caused by: org.openqa.selenium.WebDriverException: Cannot find firefox binary in PATH. Make sure firefox is installed. OS appears to be: MAC
Build info: version: &apos;2.46.0&apos;, revision: &apos;61506a4624b13675f24581e453592342b7485d71&apos;, time: &apos;2015-06-04 10:22:50&apos;
System info: host: &apos;admins-iMac.local&apos;, ip: &apos;192.168.10.186&apos;, os.name: &apos;Mac OS X&apos;, os.arch: &apos;x86_64&apos;, os.version: &apos;10.10.4&apos;, java.version: &apos;1.8.0_45&apos;
Driver info: driver.version: FirefoxDriver	at org.openqa.selenium.firefox.internal.Executable.&lt;init&gt;(Executable.java:74)	at org.openqa.selenium.firefox.FirefoxBinary.&lt;init&gt;(FirefoxBinary.java:60)	at org.openqa.selenium.firefox.FirefoxBinary.&lt;init&gt;(FirefoxBinary.java:56)	at org.openqa.selenium.firefox.FirefoxDriver.getBinary(FirefoxDriver.java:207)	at org.openqa.selenium.firefox.FirefoxDriver.&lt;init&gt;(FirefoxDriver.java:132)	at net.thucydides.core.webdriver.WebdriverInstanceFactory.newFirefoxDriver(WebdriverInstanceFactory.java:41)	at net.thucydides.core.webdriver.WebDriverFactory.firefoxDriver(WebDriverFactory.java:485)	at net.thucydides.core.webdriver.WebDriverFactory.newWebdriverInstance(WebDriverFactory.java:176)	... 37 more[pool-2-thread-1] INFO net.serenitybdd.core.Serenity - 
  _____ _____ ____ _____   ____ _____  _    ____ _____ _____ ____  
 |_   _| ____/ ___|_   _| / ___|_   _|/ \  |  _ \_   _| ____|  _ \ 
   | | |  _| \___ \ | |   \___ \ | | / _ \ | |_) || | |  _| | | | |
   | | | |___ ___) || |    ___) || |/ ___ \|  _ &lt; | | | |___| |_| |
   |_| |_____|____/ |_|   |____/ |_/_/   \_\_| \_\|_| |_____|____/ 
                                                                   

TEST STARTED: Looking up the definition of &apos;pear&apos;
--------------------------------------------------------------------
</system-err>
  </testcase>
  <testcase classname="com.bionic.jbehave.DefinitionSteps" name="When the user looks up the definition of the word \&apos;apple\&apos;" time="0">
    <skipped/>
  </testcase>
  <testcase classname="com.bionic.jbehave.DefinitionSteps" name="Then they should see the definition \&apos;A common\u002C round fruit produced by the tree Malus domestica\u002C cultivated in temperate climates.\&apos;" time="0">
    <skipped/>
  </testcase>
  <testcase classname="LookupADefinition.story" name="LookupADefinition.story" time="0.001">
    <failure message="story failed!" type="java.lang.AssertionError">java.lang.AssertionError: story failed!
	at de.codecentric.jbehave.junit.monitoring.JUnitScenarioReporter.afterStory(JUnitScenarioReporter.java:143)
	at org.jbehave.core.reporters.DelegatingStoryReporter.afterStory(DelegatingStoryReporter.java:49)
	at org.jbehave.core.reporters.ConcurrentStoryReporter.afterStory(ConcurrentStoryReporter.java:121)
	at org.jbehave.core.embedder.StoryRunner.runCancellable(StoryRunner.java:355)
	at org.jbehave.core.embedder.StoryRunner.run(StoryRunner.java:239)
	at org.jbehave.core.embedder.StoryRunner.run(StoryRunner.java:182)
	at org.jbehave.core.embedder.StoryManager$EnqueuedStory.call(StoryManager.java:266)
	at org.jbehave.core.embedder.StoryManager$EnqueuedStory.call(StoryManager.java:233)
	at java.util.concurrent.FutureTask.run(FutureTask.java:266)
	at java.util.concurrent.ThreadPoolExecutor.runWorker(ThreadPoolExecutor.java:1142)
	at java.util.concurrent.ThreadPoolExecutor$Worker.run(ThreadPoolExecutor.java:617)
	at java.lang.Thread.run(Thread.java:745)
</failure>
    <system-out>Given the user is on the Wikionary home page (FAILED)
(net.thucydides.core.webdriver.UnsupportedDriverException: Could not instantiate class org.openqa.selenium.firefox.FirefoxDriver)
When the user looks up the definition of the word &apos;pear&apos; (NOT PERFORMED)
Then they should see the definition &apos;An edible fruit produced by the pear tree, similar to an apple but elongated towards the stem.&apos; (NOT PERFORMED)

net.thucydides.core.webdriver.UnsupportedDriverException: Could not instantiate class org.openqa.selenium.firefox.FirefoxDriver
	at net.thucydides.core.webdriver.WebDriverFacade.newDriverInstance(WebDriverFacade.java:141)
	at net.thucydides.core.webdriver.WebDriverFacade.newProxyDriver(WebDriverFacade.java:128)
	at net.thucydides.core.webdriver.WebDriverFacade.getProxiedDriver(WebDriverFacade.java:100)
	at net.thucydides.core.webdriver.WebDriverFacade.openIgnoringHtmlUnitScriptErrors(WebDriverFacade.java:173)
	at net.thucydides.core.webdriver.WebDriverFacade.get(WebDriverFacade.java:168)
	at net.serenitybdd.core.pages.PageObject.openPageAtUrl(PageObject.java:821)
	at net.serenitybdd.core.pages.PageObject.open(PageObject.java:731)
	at net.serenitybdd.core.pages.PageObject.open(PageObject.java:719)
	at com.bionic.steps.EndUserSteps.is_the_home_page(EndUserSteps.java:34)
	at com.bionic.steps.EndUserSteps$$EnhancerByCGLIB$$2cd5def4.CGLIB$is_the_home_page$2(&lt;generated&gt;)
	at com.bionic.steps.EndUserSteps$$EnhancerByCGLIB$$2cd5def4$$FastClassByCGLIB$$da530cee.invoke(&lt;generated&gt;)
	at net.sf.cglib.proxy.MethodProxy.invokeSuper(MethodProxy.java:228)
	at net.thucydides.core.steps.StepInterceptor.invokeMethod(StepInterceptor.java:310)
	at net.thucydides.core.steps.StepInterceptor.executeTestStepMethod(StepInterceptor.java:295)
	at net.thucydides.core.steps.StepInterceptor.runTestStep(StepInterceptor.java:272)
	at net.thucydides.core.steps.StepInterceptor.testStepResult(StepInterceptor.java:130)
	at net.thucydides.core.steps.StepInterceptor.intercept(StepInterceptor.java:56)
	at com.bionic.steps.EndUserSteps$$EnhancerByCGLIB$$2cd5def4.is_the_home_page(&lt;generated&gt;)
	at com.bionic.jbehave.DefinitionSteps.givenTheUserIsOnTheWikionaryHomePage(DefinitionSteps.java:17)
	(reflection-invoke)
	at org.jbehave.core.steps.StepCreator$ParametrisedStep.perform(StepCreator.java:595)
	at org.jbehave.core.embedder.StoryRunner$FineSoFar.run(StoryRunner.java:566)
...
Failed to run story com/bionic/stories/consult_dictionary/LookupADefinition.storynet.thucydides.core.webdriver.UnsupportedDriverException: Could not instantiate class org.openqa.selenium.firefox.FirefoxDriver	at net.thucydides.core.webdriver.WebDriverFacade.newDriverInstance(WebDriverFacade.java:141)	at net.thucydides.core.webdriver.WebDriverFacade.newProxyDriver(WebDriverFacade.java:128)	at net.thucydides.core.webdriver.WebDriverFacade.getProxiedDriver(WebDriverFacade.java:100)	at net.thucydides.core.webdriver.WebDriverFacade.openIgnoringHtmlUnitScriptErrors(WebDriverFacade.java:173)	at net.thucydides.core.webdriver.WebDriverFacade.get(WebDriverFacade.java:168)	at net.serenitybdd.core.pages.PageObject.openPageAtUrl(PageObject.java:821)	at net.serenitybdd.core.pages.PageObject.open(PageObject.java:731)	at net.serenitybdd.core.pages.PageObject.open(PageObject.java:719)	at com.bionic.steps.EndUserSteps.is_the_home_page(EndUserSteps.java:34)	at com.bionic.steps.EndUserSteps$$EnhancerByCGLIB$$2cd5def4.CGLIB$is_the_home_page$2(&lt;generated&gt;)	at com.bionic.steps.EndUserSteps$$EnhancerByCGLIB$$2cd5def4$$FastClassByCGLIB$$da530cee.invoke(&lt;generated&gt;)	at net.sf.cglib.proxy.MethodProxy.invokeSuper(MethodProxy.java:228)	at net.thucydides.core.steps.StepInterceptor.invokeMethod(StepInterceptor.java:310)	at net.thucydides.core.steps.StepInterceptor.executeTestStepMethod(StepInterceptor.java:295)	at net.thucydides.core.steps.StepInterceptor.runTestStep(StepInterceptor.java:272)	at net.thucydides.core.steps.StepInterceptor.testStepResult(StepInterceptor.java:130)	at net.thucydides.core.steps.StepInterceptor.intercept(StepInterceptor.java:56)	at com.bionic.steps.EndUserSteps$$EnhancerByCGLIB$$2cd5def4.is_the_home_page(&lt;generated&gt;)	at com.bionic.jbehave.DefinitionSteps.givenTheUserIsOnTheWikionaryHomePage(DefinitionSteps.java:17)	at sun.reflect.NativeMethodAccessorImpl.invoke0(Native Method)	at sun.reflect.NativeMethodAccessorImpl.invoke(NativeMethodAccessorImpl.java:62)	at sun.reflect.DelegatingMethodAccessorImpl.invoke(DelegatingMethodAccessorImpl.java:43)	at java.lang.reflect.Method.invoke(Method.java:497)	at org.jbehave.core.steps.StepCreator$ParametrisedStep.perform(StepCreator.java:595)	at org.jbehave.core.embedder.StoryRunner$FineSoFar.run(StoryRunner.java:566)	at org.jbehave.core.embedder.StoryRunner.runStepsWhileKeepingState(StoryRunner.java:546)	at org.jbehave.core.embedder.StoryRunner.runScenarioSteps(StoryRunner.java:510)	at org.jbehave.core.embedder.StoryRunner.runStepsWithLifecycle(StoryRunner.java:476)	at org.jbehave.core.embedder.StoryRunner.runCancellable(StoryRunner.java:336)	at org.jbehave.core.embedder.StoryRunner.run(StoryRunner.java:239)	at org.jbehave.core.embedder.StoryRunner.run(StoryRunner.java:182)	at org.jbehave.core.embedder.StoryManager$EnqueuedStory.call(StoryManager.java:266)	at org.jbehave.core.embedder.StoryManager$EnqueuedStory.call(StoryManager.java:233)	at java.util.concurrent.FutureTask.run(FutureTask.java:266)	at java.util.concurrent.ThreadPoolExecutor.runWorker(ThreadPoolExecutor.java:1142)	at java.util.concurrent.ThreadPoolExecutor$Worker.run(ThreadPoolExecutor.java:617)	at java.lang.Thread.run(Thread.java:745)Caused by: net.thucydides.core.webdriver.UnsupportedDriverException: Could not instantiate class org.openqa.selenium.firefox.FirefoxDriver	at net.thucydides.core.webdriver.WebDriverFactory.newWebdriverInstance(WebDriverFactory.java:199)	at net.thucydides.core.webdriver.WebDriverFacade.newDriverInstance(WebDriverFacade.java:137)	... 36 moreCaused by: org.openqa.selenium.WebDriverException: Cannot find firefox binary in PATH. Make sure firefox is installed. OS appears to be: MAC
Build info: version: &apos;2.46.0&apos;, revision: &apos;61506a4624b13675f24581e453592342b7485d71&apos;, time: &apos;2015-06-04 10:22:50&apos;
System info: host: &apos;admins-iMac.local&apos;, ip: &apos;192.168.10.186&apos;, os.name: &apos;Mac OS X&apos;, os.arch: &apos;x86_64&apos;, os.version: &apos;10.10.4&apos;, java.version: &apos;1.8.0_45&apos;
Driver info: driver.version: FirefoxDriver	at org.openqa.selenium.firefox.internal.Executable.&lt;init&gt;(Executable.java:74)	at org.openqa.selenium.firefox.FirefoxBinary.&lt;init&gt;(FirefoxBinary.java:60)	at org.openqa.selenium.firefox.FirefoxBinary.&lt;init&gt;(FirefoxBinary.java:56)	at org.openqa.selenium.firefox.FirefoxDriver.getBinary(FirefoxDriver.java:207)	at org.openqa.selenium.firefox.FirefoxDriver.&lt;init&gt;(FirefoxDriver.java:132)	at net.thucydides.core.webdriver.WebdriverInstanceFactory.newFirefoxDriver(WebdriverInstanceFactory.java:41)	at net.thucydides.core.webdriver.WebDriverFactory.firefoxDriver(WebDriverFactory.java:485)	at net.thucydides.core.webdriver.WebDriverFactory.newWebdriverInstance(WebDriverFactory.java:176)	... 37 more</system-out>
    <system-err>[pool-2-thread-1] INFO net.thucydides.core.steps.StepInterceptor - STARTING STEP: DefinitionSteps.givenTheUserIsOnTheWikionaryHomePage - is_the_home_page
[pool-2-thread-1] ERROR net.thucydides.core.webdriver.WebDriverFacade - FAILED TO CREATE NEW WEBDRIVER_DRIVER INSTANCE class org.openqa.selenium.firefox.FirefoxDriver: Could not instantiate class org.openqa.selenium.firefox.FirefoxDriver
net.thucydides.core.webdriver.UnsupportedDriverException: Could not instantiate class org.openqa.selenium.firefox.FirefoxDriver	at net.thucydides.core.webdriver.WebDriverFactory.newWebdriverInstance(WebDriverFactory.java:199)	at net.thucydides.core.webdriver.WebDriverFacade.newDriverInstance(WebDriverFacade.java:137)	at net.thucydides.core.webdriver.WebDriverFacade.newProxyDriver(WebDriverFacade.java:128)	at net.thucydides.core.webdriver.WebDriverFacade.getProxiedDriver(WebDriverFacade.java:100)	at net.thucydides.core.webdriver.WebDriverFacade.openIgnoringHtmlUnitScriptErrors(WebDriverFacade.java:173)	at net.thucydides.core.webdriver.WebDriverFacade.get(WebDriverFacade.java:168)	at net.serenitybdd.core.pages.PageObject.openPageAtUrl(PageObject.java:821)	at net.serenitybdd.core.pages.PageObject.open(PageObject.java:731)	at net.serenitybdd.core.pages.PageObject.open(PageObject.java:719)	at com.bionic.steps.EndUserSteps.is_the_home_page(EndUserSteps.java:34)	at com.bionic.steps.EndUserSteps$$EnhancerByCGLIB$$2cd5def4.CGLIB$is_the_home_page$2(&lt;generated&gt;)	at com.bionic.steps.EndUserSteps$$EnhancerByCGLIB$$2cd5def4$$FastClassByCGLIB$$da530cee.invoke(&lt;generated&gt;)	at net.sf.cglib.proxy.MethodProxy.invokeSuper(MethodProxy.java:228)	at net.thucydides.core.steps.StepInterceptor.invokeMethod(StepInterceptor.java:310)	at net.thucydides.core.steps.StepInterceptor.executeTestStepMethod(StepInterceptor.java:295)	at net.thucydides.core.steps.StepInterceptor.runTestStep(StepInterceptor.java:272)	at net.thucydides.core.steps.StepInterceptor.testStepResult(StepInterceptor.java:130)	at net.thucydides.core.steps.StepInterceptor.intercept(StepInterceptor.java:56)	at com.bionic.steps.EndUserSteps$$EnhancerByCGLIB$$2cd5def4.is_the_home_page(&lt;generated&gt;)	at com.bionic.jbehave.DefinitionSteps.givenTheUserIsOnTheWikionaryHomePage(DefinitionSteps.java:17)	at sun.reflect.NativeMethodAccessorImpl.invoke0(Native Method)	at sun.reflect.NativeMethodAccessorImpl.invoke(NativeMethodAccessorImpl.java:62)	at sun.reflect.DelegatingMethodAccessorImpl.invoke(DelegatingMethodAccessorImpl.java:43)	at java.lang.reflect.Method.invoke(Method.java:497)	at org.jbehave.core.steps.StepCreator$ParametrisedStep.perform(StepCreator.java:595)	at org.jbehave.core.embedder.StoryRunner$FineSoFar.run(StoryRunner.java:566)	at org.jbehave.core.embedder.StoryRunner.runStepsWhileKeepingState(StoryRunner.java:546)	at org.jbehave.core.embedder.StoryRunner.runScenarioSteps(StoryRunner.java:510)	at org.jbehave.core.embedder.StoryRunner.runStepsWithLifecycle(StoryRunner.java:476)	at org.jbehave.core.embedder.StoryRunner.runCancellable(StoryRunner.java:336)	at org.jbehave.core.embedder.StoryRunner.run(StoryRunner.java:239)	at org.jbehave.core.embedder.StoryRunner.run(StoryRunner.java:182)	at org.jbehave.core.embedder.StoryManager$EnqueuedStory.call(StoryManager.java:266)	at org.jbehave.core.embedder.StoryManager$EnqueuedStory.call(StoryManager.java:233)	at java.util.concurrent.FutureTask.run(FutureTask.java:266)	at java.util.concurrent.ThreadPoolExecutor.runWorker(ThreadPoolExecutor.java:1142)	at java.util.concurrent.ThreadPoolExecutor$Worker.run(ThreadPoolExecutor.java:617)	at java.lang.Thread.run(Thread.java:745)Caused by: org.openqa.selenium.WebDriverException: Cannot find firefox binary in PATH. Make sure firefox is installed. OS appears to be: MAC
Build info: version: &apos;2.46.0&apos;, revision: &apos;61506a4624b13675f24581e453592342b7485d71&apos;, time: &apos;2015-06-04 10:22:50&apos;
System info: host: &apos;admins-iMac.local&apos;, ip: &apos;192.168.10.186&apos;, os.name: &apos;Mac OS X&apos;, os.arch: &apos;x86_64&apos;, os.version: &apos;10.10.4&apos;, java.version: &apos;1.8.0_45&apos;
Driver info: driver.version: FirefoxDriver	at org.openqa.selenium.firefox.internal.Executable.&lt;init&gt;(Executable.java:74)	at org.openqa.selenium.firefox.FirefoxBinary.&lt;init&gt;(FirefoxBinary.java:60)	at org.openqa.selenium.firefox.FirefoxBinary.&lt;init&gt;(FirefoxBinary.java:56)	at org.openqa.selenium.firefox.FirefoxDriver.getBinary(FirefoxDriver.java:207)	at org.openqa.selenium.firefox.FirefoxDriver.&lt;init&gt;(FirefoxDriver.java:132)	at net.thucydides.core.webdriver.WebdriverInstanceFactory.newFirefoxDriver(WebdriverInstanceFactory.java:41)	at net.thucydides.core.webdriver.WebDriverFactory.firefoxDriver(WebDriverFactory.java:485)	at net.thucydides.core.webdriver.WebDriverFactory.newWebdriverInstance(WebDriverFactory.java:176)	... 37 more</system-err>
  </testcase>
  <testcase classname="com.bionic.jbehave.DefinitionSteps" name="When the user looks up the definition of the word \&apos;pear\&apos;" time="0">
    <skipped/>
  </testcase>
  <testcase classname="com.bionic.jbehave.DefinitionSteps" name="Then they should see the definition \&apos;An edible fruit produced by the pear tree\u002C similar to an apple but elongated towards the stem.\&apos;" time="0">
    <skipped/>
  </testcase>
</testsuite>